===========================================
   DFF(SYNC RESET) VERIFICATION STARTED
===========================================
[MONITOR] d=0 rst=0 q=0
[MONITOR] d=0 rst=1 q=0
[MONITOR] d=1 rst=0 q=0
[MONITOR] d=0 rst=1 q=1
[MONITOR] d=1 rst=0 q=0
[MONITOR] d=1 rst=0 q=1
[MONITOR] d=1 rst=0 q=1
[MONITOR] d=1 rst=0 q=1
[MONITOR] d=0 rst=0 q=1
[MONITOR] d=1 rst=0 q=0
[MONITOR] d=1 rst=1 q=1
[MONITOR] d=0 rst=1 q=0
[MONITOR] d=1 rst=0 q=0
[MONITOR] d=1 rst=0 q=1
[MONITOR] d=1 rst=0 q=1
[MONITOR] d=0 rst=0 q=1
[MONITOR] d=1 rst=0 q=0
[MONITOR] d=1 rst=0 q=1
[MONITOR] d=0 rst=0 q=1
[MONITOR] d=1 rst=0 q=0
[MONITOR] d=1 rst=1 q=1
[MONITOR] d=0 rst=0 q=0
[MONITOR] d=0 rst=0 q=0
[MONITOR] d=0 rst=0 q=0
[MONITOR] d=1 rst=0 q=0
[MONITOR] d=0 rst=0 q=1
[MONITOR] d=0 rst=0 q=0
[MONITOR] d=1 rst=0 q=0
[MONITOR] d=0 rst=1 q=1
[MONITOR] d=1 rst=0 q=0
[MONITOR] d=0 rst=0 q=1
[MONITOR] d=1 rst=0 q=0
[MONITOR] d=0 rst=0 q=1
[MONITOR] d=1 rst=0 q=0
[MONITOR] d=1 rst=0 q=1
[MONITOR] d=1 rst=1 q=1
[MONITOR] d=0 rst=0 q=0
[MONITOR] d=1 rst=0 q=0
[MONITOR] d=0 rst=0 q=1
[MONITOR] d=0 rst=0 q=0
[MONITOR] d=0 rst=0 q=0
[MONITOR] d=0 rst=0 q=0
[MONITOR] d=0 rst=0 q=0
[MONITOR] d=0 rst=0 q=0
[MONITOR] d=1 rst=0 q=0
[MONITOR] d=1 rst=0 q=1
[MONITOR] d=1 rst=0 q=1
[MONITOR] d=0 rst=0 q=1
[MONITOR] d=0 rst=0 q=0
[MONITOR] d=0 rst=0 q=0
[MONITOR] d=1 rst=0 q=0
[MONITOR] d=0 rst=0 q=1
[MONITOR] d=0 rst=1 q=0
[MONITOR] d=0 rst=0 q=0
[MONITOR] d=1 rst=0 q=0
[MONITOR] d=0 rst=0 q=1
[MONITOR] d=1 rst=1 q=0
[MONITOR] d=0 rst=0 q=0
[MONITOR] d=1 rst=0 q=0
[MONITOR] d=0 rst=0 q=1
[MONITOR] d=1 rst=0 q=0
[MONITOR] d=1 rst=0 q=1
[MONITOR] d=1 rst=0 q=1
[MONITOR] d=0 rst=0 q=1
[MONITOR] d=1 rst=0 q=0
[MONITOR] d=0 rst=0 q=1
[MONITOR] d=0 rst=0 q=0
[MONITOR] d=0 rst=1 q=0
[MONITOR] d=1 rst=0 q=0
[MONITOR] d=0 rst=0 q=1
[MONITOR] d=1 rst=0 q=0
[MONITOR] d=0 rst=0 q=1
[MONITOR] d=0 rst=0 q=0
[MONITOR] d=1 rst=0 q=0
[MONITOR] d=0 rst=0 q=1
[MONITOR] d=1 rst=0 q=0
[MONITOR] d=1 rst=0 q=1
[MONITOR] d=0 rst=1 q=1
[MONITOR] d=0 rst=0 q=0
[MONITOR] d=1 rst=0 q=0
[MONITOR] d=0 rst=1 q=1
[MONITOR] d=1 rst=0 q=0
[MONITOR] d=1 rst=0 q=1
[MONITOR] d=0 rst=0 q=1
[MONITOR] d=1 rst=1 q=0
[MONITOR] d=1 rst=0 q=0
[MONITOR] d=0 rst=0 q=1
[MONITOR] d=1 rst=0 q=0
[MONITOR] d=1 rst=0 q=1
[MONITOR] d=0 rst=0 q=1
[MONITOR] d=1 rst=0 q=0
[MONITOR] d=1 rst=0 q=1
[MONITOR] d=0 rst=0 q=1
[MONITOR] d=0 rst=0 q=0
[MONITOR] d=0 rst=0 q=0
[MONITOR] d=1 rst=0 q=0
[MONITOR] d=0 rst=0 q=1
[MONITOR] d=0 rst=0 q=0
[MONITOR] d=0 rst=0 q=0
[MONITOR] d=0 rst=0 q=0

================================
        DESIGN STATUS
================================
SYNC DFF VERIFICATION PASSED
Total Errors = 0
================================
